<?xml version="1.0" encoding="UTF-8"?>
<testng-results ignored="0" total="1" passed="1" failed="0" skipped="0">
  <reporter-output>
  </reporter-output>
  <suite started-at="2022-04-22T15:39:29Z" name="Default suite" finished-at="2022-04-22T15:39:34Z" duration-ms="4725">
    <groups>
    </groups>
    <test started-at="2022-04-22T15:39:29Z" name="Default test" finished-at="2022-04-22T15:39:34Z" duration-ms="4725">
      <class name="NavigationTest">
        <test-method is-config="true" signature="beforeMethod()[pri:0, instance:NavigationTest@3c77d488]" started-at="2022-04-22T21:09:29Z" name="beforeMethod" finished-at="2022-04-22T21:09:31Z" duration-ms="2193" status="PASS">
          <reporter-output>
          </reporter-output>
        </test-method> <!-- beforeMethod -->
        <test-method signature="navigateToUrl()[pri:0, instance:NavigationTest@3c77d488]" started-at="2022-04-22T21:09:31Z" name="navigateToUrl" finished-at="2022-04-22T21:09:34Z" duration-ms="2513" status="PASS">
          <reporter-output>
          </reporter-output>
        </test-method> <!-- navigateToUrl -->
        <test-method is-config="true" signature="afterMethod()[pri:0, instance:NavigationTest@3c77d488]" started-at="2022-04-22T21:09:34Z" name="afterMethod" finished-at="2022-04-22T21:09:34Z" duration-ms="1" status="PASS">
          <reporter-output>
          </reporter-output>
        </test-method> <!-- afterMethod -->
      </class> <!-- NavigationTest -->
    </test> <!-- Default test -->
  </suite> <!-- Default suite -->
</testng-results>
