<?xml version="1.0" encoding="UTF-8"?>
<testng-results ignored="0" total="1" passed="1" failed="0" skipped="0">
  <reporter-output>
  </reporter-output>
  <suite started-at="2022-04-20T15:52:52Z" name="Default suite" finished-at="2022-04-20T15:52:56Z" duration-ms="4210">
    <groups>
    </groups>
    <test started-at="2022-04-20T15:52:52Z" name="Default test" finished-at="2022-04-20T15:52:56Z" duration-ms="4210">
      <class name="NavigationTest">
        <test-method is-config="true" signature="beforeMethod()[pri:0, instance:NavigationTest@3c77d488]" started-at="2022-04-20T21:22:52Z" name="beforeMethod" finished-at="2022-04-20T21:22:53Z" duration-ms="1713" status="PASS">
          <reporter-output>
          </reporter-output>
        </test-method> <!-- beforeMethod -->
        <test-method signature="navigateToUrl()[pri:0, instance:NavigationTest@3c77d488]" started-at="2022-04-20T21:22:53Z" name="navigateToUrl" finished-at="2022-04-20T21:22:56Z" duration-ms="2475" status="PASS">
          <reporter-output>
          </reporter-output>
        </test-method> <!-- navigateToUrl -->
        <test-method is-config="true" signature="afterMethod()[pri:0, instance:NavigationTest@3c77d488]" started-at="2022-04-20T21:22:56Z" name="afterMethod" finished-at="2022-04-20T21:22:56Z" duration-ms="0" status="PASS">
          <reporter-output>
          </reporter-output>
        </test-method> <!-- afterMethod -->
      </class> <!-- NavigationTest -->
    </test> <!-- Default test -->
  </suite> <!-- Default suite -->
</testng-results>
